Build started 27-04-2010 13:14:02.
     1>Project "c:\users\pralay\documents\visual studio 2010\Projects\MemAccessViolation\MemAccessViolation\MemAccessViolation.vcxproj" on node 5 (build target(s)).
     1>_PrepareForBuild:
         Touching "Debug\MemAccessViolation.unsuccessfulbuild".
       ClCompile:
         All outputs are up-to-date.
         All outputs are up-to-date.
       ManifestResourceCompile:
         C:\Program Files\Microsoft SDKs\Windows\v7.0A\bin\rc.exe /nologo /fo"Debug\MemAccessViolation.exe.embed.manifest.res" Debug\MemAccessViolation_manifest.rc 
       Link:
         C:\Program Files\Microsoft Visual Studio 10.0\VC\bin\link.exe /ERRORREPORT:PROMPT /OUT:"c:\users\pralay\documents\visual studio 2010\Projects\MemAccessViolation\Debug\MemAccessViolation.exe" /INCREMENTAL /NOLOGO kernel32.lib user32.lib gdi32.lib winspool.lib comdlg32.lib advapi32.lib shell32.lib ole32.lib oleaut32.lib uuid.lib odbc32.lib odbccp32.lib /MANIFEST /ManifestFile:"Debug\MemAccessViolation.exe.intermediate.manifest" /MANIFESTUAC:"level='asInvoker' uiAccess='false'" /DEBUG /PDB:"c:\users\pralay\documents\visual studio 2010\Projects\MemAccessViolation\Debug\MemAccessViolation.pdb" /SUBSYSTEM:CONSOLE /TLBID:1 /DYNAMICBASE /NXCOMPAT /IMPLIB:"c:\users\pralay\documents\visual studio 2010\Projects\MemAccessViolation\Debug\MemAccessViolation.lib" /MACHINE:X86 Debug\MemAccessViolation.obj
         Debug\stdafx.obj
         Debug\MemAccessViolation.exe.embed.manifest.res
       Manifest:
         C:\Program Files\Microsoft SDKs\Windows\v7.0A\bin\mt.exe /nologo /verbose /out:"Debug\MemAccessViolation.exe.embed.manifest" /manifest Debug\MemAccessViolation.exe.intermediate.manifest
         C:\Program Files\Microsoft SDKs\Windows\v7.0A\bin\rc.exe /nologo /fo"Debug\MemAccessViolation.exe.embed.manifest.res" Debug\MemAccessViolation_manifest.rc 
       LinkEmbedManifest:
         C:\Program Files\Microsoft Visual Studio 10.0\VC\bin\link.exe /ERRORREPORT:PROMPT /OUT:"c:\users\pralay\documents\visual studio 2010\Projects\MemAccessViolation\Debug\MemAccessViolation.exe" /INCREMENTAL /NOLOGO kernel32.lib user32.lib gdi32.lib winspool.lib comdlg32.lib advapi32.lib shell32.lib ole32.lib oleaut32.lib uuid.lib odbc32.lib odbccp32.lib /MANIFEST /ManifestFile:"Debug\MemAccessViolation.exe.intermediate.manifest" /MANIFESTUAC:"level='asInvoker' uiAccess='false'" /DEBUG /PDB:"c:\users\pralay\documents\visual studio 2010\Projects\MemAccessViolation\Debug\MemAccessViolation.pdb" /SUBSYSTEM:CONSOLE /TLBID:1 /DYNAMICBASE /NXCOMPAT /IMPLIB:"c:\users\pralay\documents\visual studio 2010\Projects\MemAccessViolation\Debug\MemAccessViolation.lib" /MACHINE:X86 Debug\MemAccessViolation.obj
         Debug\stdafx.obj
         Debug\MemAccessViolation.exe.embed.manifest.res
         MemAccessViolation.vcxproj -> c:\users\pralay\documents\visual studio 2010\Projects\MemAccessViolation\Debug\MemAccessViolation.exe
       _AfterBuild:
         Deleting file "Debug\MemAccessViolation.unsuccessfulbuild".
         Touching "Debug\MemAccessViolation.lastbuildstate".
     1>Done Building Project "c:\users\pralay\documents\visual studio 2010\Projects\MemAccessViolation\MemAccessViolation\MemAccessViolation.vcxproj" (build target(s)).

Build succeeded.

Time Elapsed 00:00:12.07
