The system is: CYGWIN - 1.7.27(0.271/5/3) - i686
Compiling the C compiler identification source file "CMakeCCompilerId.c" succeeded.
Compiler: /usr/bin/gcc.exe 
Build flags: 
Id flags: 

The output was:
0


Compilation of the C compiler identification source "CMakeCCompilerId.c" produced "a.exe"

The C compiler identification is GNU, found in "c:/Users/Administrator/Google Drive/SoftwareDevelopment/Code/CPP/cmake/eg1/build/CMakeFiles/CompilerIdC/a.exe"

Compiling the CXX compiler identification source file "CMakeCXXCompilerId.cpp" succeeded.
Compiler: /usr/bin/c++.exe 
Build flags: 
Id flags: 

The output was:
0


Compilation of the CXX compiler identification source "CMakeCXXCompilerId.cpp" produced "a.exe"

The CXX compiler identification is GNU, found in "c:/Users/Administrator/Google Drive/SoftwareDevelopment/Code/CPP/cmake/eg1/build/CMakeFiles/CompilerIdCXX/a.exe"

Compiling the C compiler identification source file "CMakeCCompilerId.c" succeeded.
Compiler: /usr/bin/gcc.exe 
Build flags: 
Id flags: 

The output was:
0


Compilation of the C compiler identification source "CMakeCCompilerId.c" produced "a.exe"

The C compiler identification is GNU, found in "c:/Users/Administrator/Google Drive/SoftwareDevelopment/Code/CPP/cmake/eg1/build/CMakeFiles/CompilerIdC/a.exe"

Compiling the CXX compiler identification source file "CMakeCXXCompilerId.cpp" succeeded.
Compiler: /usr/bin/c++.exe 
Build flags: 
Id flags: 

The output was:
0


Compilation of the CXX compiler identification source "CMakeCXXCompilerId.cpp" produced "a.exe"

The CXX compiler identification is GNU, found in "c:/Users/Administrator/Google Drive/SoftwareDevelopment/Code/CPP/cmake/eg1/build/CMakeFiles/CompilerIdCXX/a.exe"

