The system is: Linux - 3.19.0-49-generic - x86_64
Compiling the C compiler identification source file "CMakeCCompilerId.c" succeeded.
Compiler: /usr/bin/cc 
Build flags: 
Id flags: 

The output was:
0


Compilation of the C compiler identification source "CMakeCCompilerId.c" produced "a.out"

The C compiler identification is GNU, found in "/home/pralay/cpp/problem-solving/build/CMakeFiles/2.8.12.2/CompilerIdC/a.out"

Compiling the CXX compiler identification source file "CMakeCXXCompilerId.cpp" succeeded.
Compiler: /usr/bin/c++ 
Build flags: 
Id flags: 

The output was:
0


Compilation of the CXX compiler identification source "CMakeCXXCompilerId.cpp" produced "a.out"

The CXX compiler identification is GNU, found in "/home/pralay/cpp/problem-solving/build/CMakeFiles/2.8.12.2/CompilerIdCXX/a.out"

Determining if the C compiler works passed with the following output:
Change Dir: /home/pralay/cpp/problem-solving/build/CMakeFiles/CMakeTmp

Run Build Command:/usr/bin/make "cmTryCompileExec1966576155/fast"
/usr/bin/make -f CMakeFiles/cmTryCompileExec1966576155.dir/build.make CMakeFiles/cmTryCompileExec1966576155.dir/build
make[1]: Entering directory `/home/pralay/cpp/problem-solving/build/CMakeFiles/CMakeTmp'
/usr/bin/cmake -E cmake_progress_report /home/pralay/cpp/problem-solving/build/CMakeFiles/CMakeTmp/CMakeFiles 1
Building C object CMakeFiles/cmTryCompileExec1966576155.dir/testCCompiler.c.o
/usr/bin/cc    -o CMakeFiles/cmTryCompileExec1966576155.dir/testCCompiler.c.o   -c /home/pralay/cpp/problem-solving/build/CMakeFiles/CMakeTmp/testCCompiler.c
Linking C executable cmTryCompileExec1966576155
/usr/bin/cmake -E cmake_link_script CMakeFiles/cmTryCompileExec1966576155.dir/link.txt --verbose=1
/usr/bin/cc       CMakeFiles/cmTryCompileExec1966576155.dir/testCCompiler.c.o  -o cmTryCompileExec1966576155 -rdynamic 
make[1]: Leaving directory `/home/pralay/cpp/problem-solving/build/CMakeFiles/CMakeTmp'


Detecting C compiler ABI info compiled with the following output:
Change Dir: /home/pralay/cpp/problem-solving/build/CMakeFiles/CMakeTmp

Run Build Command:/usr/bin/make "cmTryCompileExec2049624754/fast"
/usr/bin/make -f CMakeFiles/cmTryCompileExec2049624754.dir/build.make CMakeFiles/cmTryCompileExec2049624754.dir/build
make[1]: Entering directory `/home/pralay/cpp/problem-solving/build/CMakeFiles/CMakeTmp'
/usr/bin/cmake -E cmake_progress_report /home/pralay/cpp/problem-solving/build/CMakeFiles/CMakeTmp/CMakeFiles 1
Building C object CMakeFiles/cmTryCompileExec2049624754.dir/CMakeCCompilerABI.c.o
/usr/bin/cc    -o CMakeFiles/cmTryCompileExec2049624754.dir/CMakeCCompilerABI.c.o   -c /usr/share/cmake-2.8/Modules/CMakeCCompilerABI.c
Linking C executable cmTryCompileExec2049624754
/usr/bin/cmake -E cmake_link_script CMakeFiles/cmTryCompileExec2049624754.dir/link.txt --verbose=1
/usr/bin/cc     -v CMakeFiles/cmTryCompileExec2049624754.dir/CMakeCCompilerABI.c.o  -o cmTryCompileExec2049624754 -rdynamic  
Using built-in specs.
COLLECT_GCC=/usr/bin/cc
COLLECT_LTO_WRAPPER=/usr/bin/gcc-5.3/libexec/gcc/x86_64-unknown-linux-gnu/5.3.0/lto-wrapper
Target: x86_64-unknown-linux-gnu
Configured with: ./configure --disable-checking --enable-languages=c,c++,objc --disable-multilib --with-system-zlib prefix=/usr/bin/gcc-5.3
Thread model: posix
gcc version 5.3.0 (GCC) 
COMPILER_PATH=/usr/bin/gcc-5.3/libexec/gcc/x86_64-unknown-linux-gnu/5.3.0/:/usr/bin/gcc-5.3/libexec/gcc/x86_64-unknown-linux-gnu/5.3.0/:/usr/bin/gcc-5.3/libexec/gcc/x86_64-unknown-linux-gnu/:/usr/bin/gcc-5.3/lib/gcc/x86_64-unknown-linux-gnu/5.3.0/:/usr/bin/gcc-5.3/lib/gcc/x86_64-unknown-linux-gnu/
LIBRARY_PATH=/usr/bin/gcc-5.3/lib/gcc/x86_64-unknown-linux-gnu/5.3.0/:/usr/bin/gcc-5.3/lib/gcc/x86_64-unknown-linux-gnu/5.3.0/../../../../lib64/:/lib/x86_64-linux-gnu/:/lib/../lib64/:/usr/lib/x86_64-linux-gnu/:/usr/bin/gcc-5.3/lib/gcc/x86_64-unknown-linux-gnu/5.3.0/../../../:/lib/:/usr/lib/
COLLECT_GCC_OPTIONS='-v' '-o' 'cmTryCompileExec2049624754' '-rdynamic' '-mtune=generic' '-march=x86-64'
 /usr/bin/gcc-5.3/libexec/gcc/x86_64-unknown-linux-gnu/5.3.0/collect2 -plugin /usr/bin/gcc-5.3/libexec/gcc/x86_64-unknown-linux-gnu/5.3.0/liblto_plugin.so -plugin-opt=/usr/bin/gcc-5.3/libexec/gcc/x86_64-unknown-linux-gnu/5.3.0/lto-wrapper -plugin-opt=-fresolution=/tmp/ccJq59UJ.res -plugin-opt=-pass-through=-lgcc -plugin-opt=-pass-through=-lgcc_s -plugin-opt=-pass-through=-lc -plugin-opt=-pass-through=-lgcc -plugin-opt=-pass-through=-lgcc_s --eh-frame-hdr -m elf_x86_64 -export-dynamic -dynamic-linker /lib64/ld-linux-x86-64.so.2 -o cmTryCompileExec2049624754 /usr/lib/x86_64-linux-gnu/crt1.o /usr/lib/x86_64-linux-gnu/crti.o /usr/bin/gcc-5.3/lib/gcc/x86_64-unknown-linux-gnu/5.3.0/crtbegin.o -L/usr/bin/gcc-5.3/lib/gcc/x86_64-unknown-linux-gnu/5.3.0 -L/usr/bin/gcc-5.3/lib/gcc/x86_64-unknown-linux-gnu/5.3.0/../../../../lib64 -L/lib/x86_64-linux-gnu -L/lib/../lib64 -L/usr/lib/x86_64-linux-gnu -L/usr/bin/gcc-5.3/lib/gcc/x86_64-unknown-linux-gnu/5.3.0/../../.. CMakeFiles/cmTryCompileExec2049624754.dir/CMakeCCompilerABI.c.o -lgcc --as-needed -lgcc_s --no-as-needed -lc -lgcc --as-needed -lgcc_s --no-as-needed /usr/bin/gcc-5.3/lib/gcc/x86_64-unknown-linux-gnu/5.3.0/crtend.o /usr/lib/x86_64-linux-gnu/crtn.o
make[1]: Leaving directory `/home/pralay/cpp/problem-solving/build/CMakeFiles/CMakeTmp'


Parsed C implicit link information from above output:
  link line regex: [^( *|.*[/\])(ld|([^/\]+-)?ld|collect2)[^/\]*( |$)]
  ignore line: [Change Dir: /home/pralay/cpp/problem-solving/build/CMakeFiles/CMakeTmp]
  ignore line: []
  ignore line: [Run Build Command:/usr/bin/make "cmTryCompileExec2049624754/fast"]
  ignore line: [/usr/bin/make -f CMakeFiles/cmTryCompileExec2049624754.dir/build.make CMakeFiles/cmTryCompileExec2049624754.dir/build]
  ignore line: [make[1]: Entering directory `/home/pralay/cpp/problem-solving/build/CMakeFiles/CMakeTmp']
  ignore line: [/usr/bin/cmake -E cmake_progress_report /home/pralay/cpp/problem-solving/build/CMakeFiles/CMakeTmp/CMakeFiles 1]
  ignore line: [Building C object CMakeFiles/cmTryCompileExec2049624754.dir/CMakeCCompilerABI.c.o]
  ignore line: [/usr/bin/cc    -o CMakeFiles/cmTryCompileExec2049624754.dir/CMakeCCompilerABI.c.o   -c /usr/share/cmake-2.8/Modules/CMakeCCompilerABI.c]
  ignore line: [Linking C executable cmTryCompileExec2049624754]
  ignore line: [/usr/bin/cmake -E cmake_link_script CMakeFiles/cmTryCompileExec2049624754.dir/link.txt --verbose=1]
  ignore line: [/usr/bin/cc     -v CMakeFiles/cmTryCompileExec2049624754.dir/CMakeCCompilerABI.c.o  -o cmTryCompileExec2049624754 -rdynamic  ]
  ignore line: [Using built-in specs.]
  ignore line: [COLLECT_GCC=/usr/bin/cc]
  ignore line: [COLLECT_LTO_WRAPPER=/usr/bin/gcc-5.3/libexec/gcc/x86_64-unknown-linux-gnu/5.3.0/lto-wrapper]
  ignore line: [Target: x86_64-unknown-linux-gnu]
  ignore line: [Configured with: ./configure --disable-checking --enable-languages=c,c++,objc --disable-multilib --with-system-zlib prefix=/usr/bin/gcc-5.3]
  ignore line: [Thread model: posix]
  ignore line: [gcc version 5.3.0 (GCC) ]
  ignore line: [COMPILER_PATH=/usr/bin/gcc-5.3/libexec/gcc/x86_64-unknown-linux-gnu/5.3.0/:/usr/bin/gcc-5.3/libexec/gcc/x86_64-unknown-linux-gnu/5.3.0/:/usr/bin/gcc-5.3/libexec/gcc/x86_64-unknown-linux-gnu/:/usr/bin/gcc-5.3/lib/gcc/x86_64-unknown-linux-gnu/5.3.0/:/usr/bin/gcc-5.3/lib/gcc/x86_64-unknown-linux-gnu/]
  ignore line: [LIBRARY_PATH=/usr/bin/gcc-5.3/lib/gcc/x86_64-unknown-linux-gnu/5.3.0/:/usr/bin/gcc-5.3/lib/gcc/x86_64-unknown-linux-gnu/5.3.0/../../../../lib64/:/lib/x86_64-linux-gnu/:/lib/../lib64/:/usr/lib/x86_64-linux-gnu/:/usr/bin/gcc-5.3/lib/gcc/x86_64-unknown-linux-gnu/5.3.0/../../../:/lib/:/usr/lib/]
  ignore line: [COLLECT_GCC_OPTIONS='-v' '-o' 'cmTryCompileExec2049624754' '-rdynamic' '-mtune=generic' '-march=x86-64']
  link line: [ /usr/bin/gcc-5.3/libexec/gcc/x86_64-unknown-linux-gnu/5.3.0/collect2 -plugin /usr/bin/gcc-5.3/libexec/gcc/x86_64-unknown-linux-gnu/5.3.0/liblto_plugin.so -plugin-opt=/usr/bin/gcc-5.3/libexec/gcc/x86_64-unknown-linux-gnu/5.3.0/lto-wrapper -plugin-opt=-fresolution=/tmp/ccJq59UJ.res -plugin-opt=-pass-through=-lgcc -plugin-opt=-pass-through=-lgcc_s -plugin-opt=-pass-through=-lc -plugin-opt=-pass-through=-lgcc -plugin-opt=-pass-through=-lgcc_s --eh-frame-hdr -m elf_x86_64 -export-dynamic -dynamic-linker /lib64/ld-linux-x86-64.so.2 -o cmTryCompileExec2049624754 /usr/lib/x86_64-linux-gnu/crt1.o /usr/lib/x86_64-linux-gnu/crti.o /usr/bin/gcc-5.3/lib/gcc/x86_64-unknown-linux-gnu/5.3.0/crtbegin.o -L/usr/bin/gcc-5.3/lib/gcc/x86_64-unknown-linux-gnu/5.3.0 -L/usr/bin/gcc-5.3/lib/gcc/x86_64-unknown-linux-gnu/5.3.0/../../../../lib64 -L/lib/x86_64-linux-gnu -L/lib/../lib64 -L/usr/lib/x86_64-linux-gnu -L/usr/bin/gcc-5.3/lib/gcc/x86_64-unknown-linux-gnu/5.3.0/../../.. CMakeFiles/cmTryCompileExec2049624754.dir/CMakeCCompilerABI.c.o -lgcc --as-needed -lgcc_s --no-as-needed -lc -lgcc --as-needed -lgcc_s --no-as-needed /usr/bin/gcc-5.3/lib/gcc/x86_64-unknown-linux-gnu/5.3.0/crtend.o /usr/lib/x86_64-linux-gnu/crtn.o]
    arg [/usr/bin/gcc-5.3/libexec/gcc/x86_64-unknown-linux-gnu/5.3.0/collect2] ==> ignore
    arg [-plugin] ==> ignore
    arg [/usr/bin/gcc-5.3/libexec/gcc/x86_64-unknown-linux-gnu/5.3.0/liblto_plugin.so] ==> ignore
    arg [-plugin-opt=/usr/bin/gcc-5.3/libexec/gcc/x86_64-unknown-linux-gnu/5.3.0/lto-wrapper] ==> ignore
    arg [-plugin-opt=-fresolution=/tmp/ccJq59UJ.res] ==> ignore
    arg [-plugin-opt=-pass-through=-lgcc] ==> ignore
    arg [-plugin-opt=-pass-through=-lgcc_s] ==> ignore
    arg [-plugin-opt=-pass-through=-lc] ==> ignore
    arg [-plugin-opt=-pass-through=-lgcc] ==> ignore
    arg [-plugin-opt=-pass-through=-lgcc_s] ==> ignore
    arg [--eh-frame-hdr] ==> ignore
    arg [-m] ==> ignore
    arg [elf_x86_64] ==> ignore
    arg [-export-dynamic] ==> ignore
    arg [-dynamic-linker] ==> ignore
    arg [/lib64/ld-linux-x86-64.so.2] ==> ignore
    arg [-o] ==> ignore
    arg [cmTryCompileExec2049624754] ==> ignore
    arg [/usr/lib/x86_64-linux-gnu/crt1.o] ==> ignore
    arg [/usr/lib/x86_64-linux-gnu/crti.o] ==> ignore
    arg [/usr/bin/gcc-5.3/lib/gcc/x86_64-unknown-linux-gnu/5.3.0/crtbegin.o] ==> ignore
    arg [-L/usr/bin/gcc-5.3/lib/gcc/x86_64-unknown-linux-gnu/5.3.0] ==> dir [/usr/bin/gcc-5.3/lib/gcc/x86_64-unknown-linux-gnu/5.3.0]
    arg [-L/usr/bin/gcc-5.3/lib/gcc/x86_64-unknown-linux-gnu/5.3.0/../../../../lib64] ==> dir [/usr/bin/gcc-5.3/lib/gcc/x86_64-unknown-linux-gnu/5.3.0/../../../../lib64]
    arg [-L/lib/x86_64-linux-gnu] ==> dir [/lib/x86_64-linux-gnu]
    arg [-L/lib/../lib64] ==> dir [/lib/../lib64]
    arg [-L/usr/lib/x86_64-linux-gnu] ==> dir [/usr/lib/x86_64-linux-gnu]
    arg [-L/usr/bin/gcc-5.3/lib/gcc/x86_64-unknown-linux-gnu/5.3.0/../../..] ==> dir [/usr/bin/gcc-5.3/lib/gcc/x86_64-unknown-linux-gnu/5.3.0/../../..]
    arg [CMakeFiles/cmTryCompileExec2049624754.dir/CMakeCCompilerABI.c.o] ==> ignore
    arg [-lgcc] ==> lib [gcc]
    arg [--as-needed] ==> ignore
    arg [-lgcc_s] ==> lib [gcc_s]
    arg [--no-as-needed] ==> ignore
    arg [-lc] ==> lib [c]
    arg [-lgcc] ==> lib [gcc]
    arg [--as-needed] ==> ignore
    arg [-lgcc_s] ==> lib [gcc_s]
    arg [--no-as-needed] ==> ignore
    arg [/usr/bin/gcc-5.3/lib/gcc/x86_64-unknown-linux-gnu/5.3.0/crtend.o] ==> ignore
    arg [/usr/lib/x86_64-linux-gnu/crtn.o] ==> ignore
  remove lib [gcc]
  remove lib [gcc_s]
  remove lib [gcc]
  remove lib [gcc_s]
  collapse library dir [/usr/bin/gcc-5.3/lib/gcc/x86_64-unknown-linux-gnu/5.3.0] ==> [/usr/bin/gcc-5.3/lib/gcc/x86_64-unknown-linux-gnu/5.3.0]
  collapse library dir [/usr/bin/gcc-5.3/lib/gcc/x86_64-unknown-linux-gnu/5.3.0/../../../../lib64] ==> [/usr/bin/gcc-5.3/lib64]
  collapse library dir [/lib/x86_64-linux-gnu] ==> [/lib/x86_64-linux-gnu]
  collapse library dir [/lib/../lib64] ==> [/lib64]
  collapse library dir [/usr/lib/x86_64-linux-gnu] ==> [/usr/lib/x86_64-linux-gnu]
  collapse library dir [/usr/bin/gcc-5.3/lib/gcc/x86_64-unknown-linux-gnu/5.3.0/../../..] ==> [/usr/bin/gcc-5.3/lib]
  implicit libs: [c]
  implicit dirs: [/usr/bin/gcc-5.3/lib/gcc/x86_64-unknown-linux-gnu/5.3.0;/usr/bin/gcc-5.3/lib64;/lib/x86_64-linux-gnu;/lib64;/usr/lib/x86_64-linux-gnu;/usr/bin/gcc-5.3/lib]
  implicit fwks: []


Determining if the CXX compiler works passed with the following output:
Change Dir: /home/pralay/cpp/problem-solving/build/CMakeFiles/CMakeTmp

Run Build Command:/usr/bin/make "cmTryCompileExec4245316437/fast"
/usr/bin/make -f CMakeFiles/cmTryCompileExec4245316437.dir/build.make CMakeFiles/cmTryCompileExec4245316437.dir/build
make[1]: Entering directory `/home/pralay/cpp/problem-solving/build/CMakeFiles/CMakeTmp'
/usr/bin/cmake -E cmake_progress_report /home/pralay/cpp/problem-solving/build/CMakeFiles/CMakeTmp/CMakeFiles 1
Building CXX object CMakeFiles/cmTryCompileExec4245316437.dir/testCXXCompiler.cxx.o
/usr/bin/c++     -o CMakeFiles/cmTryCompileExec4245316437.dir/testCXXCompiler.cxx.o -c /home/pralay/cpp/problem-solving/build/CMakeFiles/CMakeTmp/testCXXCompiler.cxx
Linking CXX executable cmTryCompileExec4245316437
/usr/bin/cmake -E cmake_link_script CMakeFiles/cmTryCompileExec4245316437.dir/link.txt --verbose=1
/usr/bin/c++        CMakeFiles/cmTryCompileExec4245316437.dir/testCXXCompiler.cxx.o  -o cmTryCompileExec4245316437 -rdynamic 
make[1]: Leaving directory `/home/pralay/cpp/problem-solving/build/CMakeFiles/CMakeTmp'


Detecting CXX compiler ABI info compiled with the following output:
Change Dir: /home/pralay/cpp/problem-solving/build/CMakeFiles/CMakeTmp

Run Build Command:/usr/bin/make "cmTryCompileExec2122308485/fast"
/usr/bin/make -f CMakeFiles/cmTryCompileExec2122308485.dir/build.make CMakeFiles/cmTryCompileExec2122308485.dir/build
make[1]: Entering directory `/home/pralay/cpp/problem-solving/build/CMakeFiles/CMakeTmp'
/usr/bin/cmake -E cmake_progress_report /home/pralay/cpp/problem-solving/build/CMakeFiles/CMakeTmp/CMakeFiles 1
Building CXX object CMakeFiles/cmTryCompileExec2122308485.dir/CMakeCXXCompilerABI.cpp.o
/usr/bin/c++     -o CMakeFiles/cmTryCompileExec2122308485.dir/CMakeCXXCompilerABI.cpp.o -c /usr/share/cmake-2.8/Modules/CMakeCXXCompilerABI.cpp
Linking CXX executable cmTryCompileExec2122308485
/usr/bin/cmake -E cmake_link_script CMakeFiles/cmTryCompileExec2122308485.dir/link.txt --verbose=1
/usr/bin/c++      -v CMakeFiles/cmTryCompileExec2122308485.dir/CMakeCXXCompilerABI.cpp.o  -o cmTryCompileExec2122308485 -rdynamic  
Using built-in specs.
COLLECT_GCC=/usr/bin/c++
COLLECT_LTO_WRAPPER=/usr/bin/gcc-5.3/libexec/gcc/x86_64-unknown-linux-gnu/5.3.0/lto-wrapper
Target: x86_64-unknown-linux-gnu
Configured with: ./configure --disable-checking --enable-languages=c,c++,objc --disable-multilib --with-system-zlib prefix=/usr/bin/gcc-5.3
Thread model: posix
gcc version 5.3.0 (GCC) 
COMPILER_PATH=/usr/bin/gcc-5.3/libexec/gcc/x86_64-unknown-linux-gnu/5.3.0/:/usr/bin/gcc-5.3/libexec/gcc/x86_64-unknown-linux-gnu/5.3.0/:/usr/bin/gcc-5.3/libexec/gcc/x86_64-unknown-linux-gnu/:/usr/bin/gcc-5.3/lib/gcc/x86_64-unknown-linux-gnu/5.3.0/:/usr/bin/gcc-5.3/lib/gcc/x86_64-unknown-linux-gnu/
LIBRARY_PATH=/usr/bin/gcc-5.3/lib/gcc/x86_64-unknown-linux-gnu/5.3.0/:/usr/bin/gcc-5.3/lib/gcc/x86_64-unknown-linux-gnu/5.3.0/../../../../lib64/:/lib/x86_64-linux-gnu/:/lib/../lib64/:/usr/lib/x86_64-linux-gnu/:/usr/bin/gcc-5.3/lib/gcc/x86_64-unknown-linux-gnu/5.3.0/../../../:/lib/:/usr/lib/
COLLECT_GCC_OPTIONS='-v' '-o' 'cmTryCompileExec2122308485' '-rdynamic' '-shared-libgcc' '-mtune=generic' '-march=x86-64'
 /usr/bin/gcc-5.3/libexec/gcc/x86_64-unknown-linux-gnu/5.3.0/collect2 -plugin /usr/bin/gcc-5.3/libexec/gcc/x86_64-unknown-linux-gnu/5.3.0/liblto_plugin.so -plugin-opt=/usr/bin/gcc-5.3/libexec/gcc/x86_64-unknown-linux-gnu/5.3.0/lto-wrapper -plugin-opt=-fresolution=/tmp/cceKPHfZ.res -plugin-opt=-pass-through=-lgcc_s -plugin-opt=-pass-through=-lgcc -plugin-opt=-pass-through=-lc -plugin-opt=-pass-through=-lgcc_s -plugin-opt=-pass-through=-lgcc --eh-frame-hdr -m elf_x86_64 -export-dynamic -dynamic-linker /lib64/ld-linux-x86-64.so.2 -o cmTryCompileExec2122308485 /usr/lib/x86_64-linux-gnu/crt1.o /usr/lib/x86_64-linux-gnu/crti.o /usr/bin/gcc-5.3/lib/gcc/x86_64-unknown-linux-gnu/5.3.0/crtbegin.o -L/usr/bin/gcc-5.3/lib/gcc/x86_64-unknown-linux-gnu/5.3.0 -L/usr/bin/gcc-5.3/lib/gcc/x86_64-unknown-linux-gnu/5.3.0/../../../../lib64 -L/lib/x86_64-linux-gnu -L/lib/../lib64 -L/usr/lib/x86_64-linux-gnu -L/usr/bin/gcc-5.3/lib/gcc/x86_64-unknown-linux-gnu/5.3.0/../../.. CMakeFiles/cmTryCompileExec2122308485.dir/CMakeCXXCompilerABI.cpp.o -lstdc++ -lm -lgcc_s -lgcc -lc -lgcc_s -lgcc /usr/bin/gcc-5.3/lib/gcc/x86_64-unknown-linux-gnu/5.3.0/crtend.o /usr/lib/x86_64-linux-gnu/crtn.o
make[1]: Leaving directory `/home/pralay/cpp/problem-solving/build/CMakeFiles/CMakeTmp'


Parsed CXX implicit link information from above output:
  link line regex: [^( *|.*[/\])(ld|([^/\]+-)?ld|collect2)[^/\]*( |$)]
  ignore line: [Change Dir: /home/pralay/cpp/problem-solving/build/CMakeFiles/CMakeTmp]
  ignore line: []
  ignore line: [Run Build Command:/usr/bin/make "cmTryCompileExec2122308485/fast"]
  ignore line: [/usr/bin/make -f CMakeFiles/cmTryCompileExec2122308485.dir/build.make CMakeFiles/cmTryCompileExec2122308485.dir/build]
  ignore line: [make[1]: Entering directory `/home/pralay/cpp/problem-solving/build/CMakeFiles/CMakeTmp']
  ignore line: [/usr/bin/cmake -E cmake_progress_report /home/pralay/cpp/problem-solving/build/CMakeFiles/CMakeTmp/CMakeFiles 1]
  ignore line: [Building CXX object CMakeFiles/cmTryCompileExec2122308485.dir/CMakeCXXCompilerABI.cpp.o]
  ignore line: [/usr/bin/c++     -o CMakeFiles/cmTryCompileExec2122308485.dir/CMakeCXXCompilerABI.cpp.o -c /usr/share/cmake-2.8/Modules/CMakeCXXCompilerABI.cpp]
  ignore line: [Linking CXX executable cmTryCompileExec2122308485]
  ignore line: [/usr/bin/cmake -E cmake_link_script CMakeFiles/cmTryCompileExec2122308485.dir/link.txt --verbose=1]
  ignore line: [/usr/bin/c++      -v CMakeFiles/cmTryCompileExec2122308485.dir/CMakeCXXCompilerABI.cpp.o  -o cmTryCompileExec2122308485 -rdynamic  ]
  ignore line: [Using built-in specs.]
  ignore line: [COLLECT_GCC=/usr/bin/c++]
  ignore line: [COLLECT_LTO_WRAPPER=/usr/bin/gcc-5.3/libexec/gcc/x86_64-unknown-linux-gnu/5.3.0/lto-wrapper]
  ignore line: [Target: x86_64-unknown-linux-gnu]
  ignore line: [Configured with: ./configure --disable-checking --enable-languages=c,c++,objc --disable-multilib --with-system-zlib prefix=/usr/bin/gcc-5.3]
  ignore line: [Thread model: posix]
  ignore line: [gcc version 5.3.0 (GCC) ]
  ignore line: [COMPILER_PATH=/usr/bin/gcc-5.3/libexec/gcc/x86_64-unknown-linux-gnu/5.3.0/:/usr/bin/gcc-5.3/libexec/gcc/x86_64-unknown-linux-gnu/5.3.0/:/usr/bin/gcc-5.3/libexec/gcc/x86_64-unknown-linux-gnu/:/usr/bin/gcc-5.3/lib/gcc/x86_64-unknown-linux-gnu/5.3.0/:/usr/bin/gcc-5.3/lib/gcc/x86_64-unknown-linux-gnu/]
  ignore line: [LIBRARY_PATH=/usr/bin/gcc-5.3/lib/gcc/x86_64-unknown-linux-gnu/5.3.0/:/usr/bin/gcc-5.3/lib/gcc/x86_64-unknown-linux-gnu/5.3.0/../../../../lib64/:/lib/x86_64-linux-gnu/:/lib/../lib64/:/usr/lib/x86_64-linux-gnu/:/usr/bin/gcc-5.3/lib/gcc/x86_64-unknown-linux-gnu/5.3.0/../../../:/lib/:/usr/lib/]
  ignore line: [COLLECT_GCC_OPTIONS='-v' '-o' 'cmTryCompileExec2122308485' '-rdynamic' '-shared-libgcc' '-mtune=generic' '-march=x86-64']
  link line: [ /usr/bin/gcc-5.3/libexec/gcc/x86_64-unknown-linux-gnu/5.3.0/collect2 -plugin /usr/bin/gcc-5.3/libexec/gcc/x86_64-unknown-linux-gnu/5.3.0/liblto_plugin.so -plugin-opt=/usr/bin/gcc-5.3/libexec/gcc/x86_64-unknown-linux-gnu/5.3.0/lto-wrapper -plugin-opt=-fresolution=/tmp/cceKPHfZ.res -plugin-opt=-pass-through=-lgcc_s -plugin-opt=-pass-through=-lgcc -plugin-opt=-pass-through=-lc -plugin-opt=-pass-through=-lgcc_s -plugin-opt=-pass-through=-lgcc --eh-frame-hdr -m elf_x86_64 -export-dynamic -dynamic-linker /lib64/ld-linux-x86-64.so.2 -o cmTryCompileExec2122308485 /usr/lib/x86_64-linux-gnu/crt1.o /usr/lib/x86_64-linux-gnu/crti.o /usr/bin/gcc-5.3/lib/gcc/x86_64-unknown-linux-gnu/5.3.0/crtbegin.o -L/usr/bin/gcc-5.3/lib/gcc/x86_64-unknown-linux-gnu/5.3.0 -L/usr/bin/gcc-5.3/lib/gcc/x86_64-unknown-linux-gnu/5.3.0/../../../../lib64 -L/lib/x86_64-linux-gnu -L/lib/../lib64 -L/usr/lib/x86_64-linux-gnu -L/usr/bin/gcc-5.3/lib/gcc/x86_64-unknown-linux-gnu/5.3.0/../../.. CMakeFiles/cmTryCompileExec2122308485.dir/CMakeCXXCompilerABI.cpp.o -lstdc++ -lm -lgcc_s -lgcc -lc -lgcc_s -lgcc /usr/bin/gcc-5.3/lib/gcc/x86_64-unknown-linux-gnu/5.3.0/crtend.o /usr/lib/x86_64-linux-gnu/crtn.o]
    arg [/usr/bin/gcc-5.3/libexec/gcc/x86_64-unknown-linux-gnu/5.3.0/collect2] ==> ignore
    arg [-plugin] ==> ignore
    arg [/usr/bin/gcc-5.3/libexec/gcc/x86_64-unknown-linux-gnu/5.3.0/liblto_plugin.so] ==> ignore
    arg [-plugin-opt=/usr/bin/gcc-5.3/libexec/gcc/x86_64-unknown-linux-gnu/5.3.0/lto-wrapper] ==> ignore
    arg [-plugin-opt=-fresolution=/tmp/cceKPHfZ.res] ==> ignore
    arg [-plugin-opt=-pass-through=-lgcc_s] ==> ignore
    arg [-plugin-opt=-pass-through=-lgcc] ==> ignore
    arg [-plugin-opt=-pass-through=-lc] ==> ignore
    arg [-plugin-opt=-pass-through=-lgcc_s] ==> ignore
    arg [-plugin-opt=-pass-through=-lgcc] ==> ignore
    arg [--eh-frame-hdr] ==> ignore
    arg [-m] ==> ignore
    arg [elf_x86_64] ==> ignore
    arg [-export-dynamic] ==> ignore
    arg [-dynamic-linker] ==> ignore
    arg [/lib64/ld-linux-x86-64.so.2] ==> ignore
    arg [-o] ==> ignore
    arg [cmTryCompileExec2122308485] ==> ignore
    arg [/usr/lib/x86_64-linux-gnu/crt1.o] ==> ignore
    arg [/usr/lib/x86_64-linux-gnu/crti.o] ==> ignore
    arg [/usr/bin/gcc-5.3/lib/gcc/x86_64-unknown-linux-gnu/5.3.0/crtbegin.o] ==> ignore
    arg [-L/usr/bin/gcc-5.3/lib/gcc/x86_64-unknown-linux-gnu/5.3.0] ==> dir [/usr/bin/gcc-5.3/lib/gcc/x86_64-unknown-linux-gnu/5.3.0]
    arg [-L/usr/bin/gcc-5.3/lib/gcc/x86_64-unknown-linux-gnu/5.3.0/../../../../lib64] ==> dir [/usr/bin/gcc-5.3/lib/gcc/x86_64-unknown-linux-gnu/5.3.0/../../../../lib64]
    arg [-L/lib/x86_64-linux-gnu] ==> dir [/lib/x86_64-linux-gnu]
    arg [-L/lib/../lib64] ==> dir [/lib/../lib64]
    arg [-L/usr/lib/x86_64-linux-gnu] ==> dir [/usr/lib/x86_64-linux-gnu]
    arg [-L/usr/bin/gcc-5.3/lib/gcc/x86_64-unknown-linux-gnu/5.3.0/../../..] ==> dir [/usr/bin/gcc-5.3/lib/gcc/x86_64-unknown-linux-gnu/5.3.0/../../..]
    arg [CMakeFiles/cmTryCompileExec2122308485.dir/CMakeCXXCompilerABI.cpp.o] ==> ignore
    arg [-lstdc++] ==> lib [stdc++]
    arg [-lm] ==> lib [m]
    arg [-lgcc_s] ==> lib [gcc_s]
    arg [-lgcc] ==> lib [gcc]
    arg [-lc] ==> lib [c]
    arg [-lgcc_s] ==> lib [gcc_s]
    arg [-lgcc] ==> lib [gcc]
    arg [/usr/bin/gcc-5.3/lib/gcc/x86_64-unknown-linux-gnu/5.3.0/crtend.o] ==> ignore
    arg [/usr/lib/x86_64-linux-gnu/crtn.o] ==> ignore
  remove lib [gcc_s]
  remove lib [gcc]
  remove lib [gcc_s]
  remove lib [gcc]
  collapse library dir [/usr/bin/gcc-5.3/lib/gcc/x86_64-unknown-linux-gnu/5.3.0] ==> [/usr/bin/gcc-5.3/lib/gcc/x86_64-unknown-linux-gnu/5.3.0]
  collapse library dir [/usr/bin/gcc-5.3/lib/gcc/x86_64-unknown-linux-gnu/5.3.0/../../../../lib64] ==> [/usr/bin/gcc-5.3/lib64]
  collapse library dir [/lib/x86_64-linux-gnu] ==> [/lib/x86_64-linux-gnu]
  collapse library dir [/lib/../lib64] ==> [/lib64]
  collapse library dir [/usr/lib/x86_64-linux-gnu] ==> [/usr/lib/x86_64-linux-gnu]
  collapse library dir [/usr/bin/gcc-5.3/lib/gcc/x86_64-unknown-linux-gnu/5.3.0/../../..] ==> [/usr/bin/gcc-5.3/lib]
  implicit libs: [stdc++;m;c]
  implicit dirs: [/usr/bin/gcc-5.3/lib/gcc/x86_64-unknown-linux-gnu/5.3.0;/usr/bin/gcc-5.3/lib64;/lib/x86_64-linux-gnu;/lib64;/usr/lib/x86_64-linux-gnu;/usr/bin/gcc-5.3/lib]
  implicit fwks: []


